<?xml version="1.0" encoding="UTF-8"?>
<!-- Generated by org.testng.reporters.JUnitReportReporter -->
<testsuite skipped="0" hostname="SANDEEP" name="com.Automation.Testcases.EPIQCC" tests="26" failures="0" timestamp="31 Dec 2021 09:36:56 GMT" time="2163.664" errors="0">
  <testcase name="loginToEPIQ" time="221.160" classname="com.Automation.Testcases.EPIQCC"/>
  <testcase name="ccIHODLgn" time="87.704" classname="com.Automation.Testcases.EPIQCC"/>
  <testcase name="ccReinit" time="88.542" classname="com.Automation.Testcases.EPIQCC"/>
  <testcase name="ccIHODApprovalLgn" time="168.973" classname="com.Automation.Testcases.EPIQCC"/>
  <testcase name="ccQAReviewLgn" time="86.324" classname="com.Automation.Testcases.EPIQCC"/>
  <testcase name="ccAgainReinit" time="85.978" classname="com.Automation.Testcases.EPIQCC"/>
  <testcase name="ccAgainIHODApprovalLgn" time="89.895" classname="com.Automation.Testcases.EPIQCC"/>
  <testcase name="ccQAReviewApprovalLgn" time="88.143" classname="com.Automation.Testcases.EPIQCC"/>
  <testcase name="verifyDoc" time="33.650" classname="com.Automation.Testcases.EPIQCC"/>
  <testcase name="ccOTD" time="59.021" classname="com.Automation.Testcases.EPIQCC"/>
  <testcase name="ccQAD" time="86.362" classname="com.Automation.Testcases.EPIQCC"/>
  <testcase name="VerificationClosure" time="33.711" classname="com.Automation.Testcases.EPIQCC"/>
  <testcase name="docLgnReturnAtReviwer" time="73.304" classname="com.Automation.Testcases.EPIQCC"/>
  <testcase name="docLgnReinitiate" time="73.623" classname="com.Automation.Testcases.EPIQCC"/>
  <testcase name="docLgnReview" time="72.197" classname="com.Automation.Testcases.EPIQCC"/>
  <testcase name="docLgnApproveReturn" time="72.618" classname="com.Automation.Testcases.EPIQCC"/>
  <testcase name="docLgnAgainReintiate" time="73.905" classname="com.Automation.Testcases.EPIQCC"/>
  <testcase name="docLgnAgainReview" time="68.459" classname="com.Automation.Testcases.EPIQCC"/>
  <testcase name="docLgnApproval" time="69.046" classname="com.Automation.Testcases.EPIQCC"/>
  <testcase name="docTaskAllocation" time="86.677" classname="com.Automation.Testcases.EPIQCC"/>
  <testcase name="docExecution" time="63.507" classname="com.Automation.Testcases.EPIQCC"/>
  <testcase name="docClousure" time="88.724" classname="com.Automation.Testcases.EPIQCC"/>
  <testcase name="ccClousureInitiate" time="67.764" classname="com.Automation.Testcases.EPIQCC"/>
  <testcase name="ccClousureReturn" time="74.587" classname="com.Automation.Testcases.EPIQCC"/>
  <testcase name="ccClousureReInitiate" time="80.200" classname="com.Automation.Testcases.EPIQCC"/>
  <testcase name="ccClousureApprove" time="69.590" classname="com.Automation.Testcases.EPIQCC"/>
</testsuite> <!-- com.Automation.Testcases.EPIQCC -->
