<?xml version="1.0" encoding="UTF-8"?>
<!-- Generated by org.testng.reporters.JUnitReportReporter -->
<testsuite skipped="0" hostname="SANDEEP" name="com.Automation.Testcases.CCSelectiveReturnTestCase" tests="19" failures="0" timestamp="27 Jan 2022 14:13:07 GMT" time="2046.257" errors="0">
  <testcase name="loginToEPIQ" time="240.136" classname="com.Automation.Testcases.CCSelectiveReturnTestCase"/>
  <testcase name="CCHodRev" time="195.899" classname="com.Automation.Testcases.CCSelectiveReturnTestCase"/>
  <testcase name="ccQAReviewApprovalLgn" time="138.808" classname="com.Automation.Testcases.CCSelectiveReturnTestCase"/>
  <testcase name="ccOTDSelectiveReturn" time="115.102" classname="com.Automation.Testcases.CCSelectiveReturnTestCase"/>
  <testcase name="CCLgnReReview" time="101.071" classname="com.Automation.Testcases.CCSelectiveReturnTestCase"/>
  <testcase name="CCLgnReAprroval" time="107.024" classname="com.Automation.Testcases.CCSelectiveReturnTestCase"/>
  <testcase name="ccOTD" time="66.399" classname="com.Automation.Testcases.CCSelectiveReturnTestCase"/>
  <testcase name="ccQADSelectiveReturn" time="79.554" classname="com.Automation.Testcases.CCSelectiveReturnTestCase"/>
  <testcase name="CCLgnAgnReview" time="116.529" classname="com.Automation.Testcases.CCSelectiveReturnTestCase"/>
  <testcase name="CCLgnAgnAprroval" time="105.735" classname="com.Automation.Testcases.CCSelectiveReturnTestCase"/>
  <testcase name="ccAgnOTD" time="88.579" classname="com.Automation.Testcases.CCSelectiveReturnTestCase"/>
  <testcase name="ccQAD" time="108.108" classname="com.Automation.Testcases.CCSelectiveReturnTestCase"/>
  <testcase name="docLgnReview" time="83.221" classname="com.Automation.Testcases.CCSelectiveReturnTestCase"/>
  <testcase name="docLgnApproval" time="96.604" classname="com.Automation.Testcases.CCSelectiveReturnTestCase"/>
  <testcase name="docTaskAllocation" time="109.762" classname="com.Automation.Testcases.CCSelectiveReturnTestCase"/>
  <testcase name="docExecution" time="81.824" classname="com.Automation.Testcases.CCSelectiveReturnTestCase"/>
  <testcase name="docClousure" time="54.329" classname="com.Automation.Testcases.CCSelectiveReturnTestCase"/>
  <testcase name="ccClousureInitiate" time="72.664" classname="com.Automation.Testcases.CCSelectiveReturnTestCase"/>
  <testcase name="ccClousureApprove" time="84.909" classname="com.Automation.Testcases.CCSelectiveReturnTestCase"/>
</testsuite> <!-- com.Automation.Testcases.CCSelectiveReturnTestCase -->
