<?xml version="1.0" encoding="UTF-8"?>
<!-- Generated by org.testng.reporters.JUnitReportReporter -->
<testsuite skipped="0" hostname="CAL3180" name="com.Automation.Testcases.MST_Batch_TC" tests="5" failures="0" timestamp="2022-06-09T18:10:51 IST" time="297.006" errors="0">
  <testcase name="loginToEPIQ" time="80.075" classname="com.Automation.Testcases.MST_Batch_TC"/>
  <system-out/>
  <testcase name="loginToEPIQ" time="50.734" classname="com.Automation.Testcases.MST_Batch_TC"/>
  <system-out/>
  <testcase name="batchStatusChangeInActive" time="56.023" classname="com.Automation.Testcases.MST_Batch_TC"/>
  <system-out/>
  <testcase name="batchStatusChangeActive" time="55.663" classname="com.Automation.Testcases.MST_Batch_TC"/>
  <system-out/>
  <testcase name="batchStatusChangePermanentActive" time="54.511" classname="com.Automation.Testcases.MST_Batch_TC"/>
  <system-out/>
</testsuite> <!-- com.Automation.Testcases.MST_Batch_TC -->
