<?xml version="1.0" encoding="UTF-8"?>
<!-- Generated by org.testng.reporters.JUnitReportReporter -->
<testsuite skipped="0" hostname="CAL3180" name="com.Automation.Testcases.AuditPlan_TC" tests="16" failures="0" timestamp="2022-08-03T16:36:49 IST" time="1657.711" errors="0">
  <testcase name="auditPlanRegistration" time="144.556" classname="com.Automation.Testcases.AuditPlan_TC"/>
  <system-out/>
  <testcase name="auditPlanRegistrationReturn" time="78.022" classname="com.Automation.Testcases.AuditPlan_TC"/>
  <system-out/>
  <testcase name="auditPlanRegistrationReinitiation" time="76.621" classname="com.Automation.Testcases.AuditPlan_TC"/>
  <system-out/>
  <testcase name="auditPlanRegistrationApprove" time="66.460" classname="com.Automation.Testcases.AuditPlan_TC"/>
  <system-out/>
  <testcase name="auditModifiaction" time="72.641" classname="com.Automation.Testcases.AuditPlan_TC"/>
  <system-out/>
  <testcase name="auditPlanModificationReturn" time="78.747" classname="com.Automation.Testcases.AuditPlan_TC"/>
  <system-out/>
  <testcase name="auditPlanModificationReinitiation" time="78.652" classname="com.Automation.Testcases.AuditPlan_TC"/>
  <system-out/>
  <testcase name="auditPlanModificationApprove" time="73.531" classname="com.Automation.Testcases.AuditPlan_TC"/>
  <system-out/>
  <testcase name="statusChangeInActive" time="66.708" classname="com.Automation.Testcases.AuditPlan_TC"/>
  <system-out/>
  <testcase name="auditPlanStatusChangeApprove" time="69.660" classname="com.Automation.Testcases.AuditPlan_TC"/>
  <system-out/>
  <testcase name="statusChangeActive" time="66.535" classname="com.Automation.Testcases.AuditPlan_TC"/>
  <system-out/>
  <testcase name="auditPlanStatusChangeInApprove" time="69.641" classname="com.Automation.Testcases.AuditPlan_TC"/>
  <system-out/>
  <testcase name="statusChangePermentInActive" time="69.374" classname="com.Automation.Testcases.AuditPlan_TC"/>
  <system-out/>
  <testcase name="auditPlanStatusChangePiApprove" time="69.451" classname="com.Automation.Testcases.AuditPlan_TC"/>
  <system-out/>
  <testcase name="auditPlanRegistrationForDrop" time="144.329" classname="com.Automation.Testcases.AuditPlan_TC"/>
  <system-out/>
  <testcase name="auditPlanRegistrationdROP" time="432.783" classname="com.Automation.Testcases.AuditPlan_TC"/>
  <system-out/>
</testsuite> <!-- com.Automation.Testcases.AuditPlan_TC -->
