<?xml version="1.0" encoding="UTF-8"?>
<!-- Generated by org.testng.reporters.JUnitReportReporter -->
<testsuite skipped="0" hostname="CAL3180" name="com.Automation.Testcases.Dev_ETD_Test" tests="4" failures="0" timestamp="2022-06-07T11:41:05 IST" time="350.733" errors="0">
  <testcase name="devLoginInitiate" time="115.232" classname="com.Automation.Testcases.Dev_ETD_Test"/>
  <system-out/>
  <testcase name="devETDInditiation" time="98.226" classname="com.Automation.Testcases.Dev_ETD_Test"/>
  <system-out/>
  <testcase name="devETDReview" time="67.384" classname="com.Automation.Testcases.Dev_ETD_Test"/>
  <system-out/>
  <testcase name="devETDApprove" time="69.891" classname="com.Automation.Testcases.Dev_ETD_Test"/>
  <system-out/>
</testsuite> <!-- com.Automation.Testcases.Dev_ETD_Test -->
