<?xml version="1.0" encoding="UTF-8"?>
<!-- Generated by org.testng.reporters.JUnitReportReporter -->
<testsuite skipped="0" hostname="SANDEEP" name="com.Automation.Testcases.SampleCC" tests="19" failures="0" timestamp="11 Jan 2022 06:16:35 GMT" time="1634.863" errors="0">
  <testcase name="loginToEPIQ" time="191.776" classname="com.Automation.Testcases.SampleCC"/>
  <testcase name="CCHodRev" time="161.579" classname="com.Automation.Testcases.SampleCC"/>
  <testcase name="ccQAReviewApprovalLgn" time="86.460" classname="com.Automation.Testcases.SampleCC"/>
  <testcase name="ccOTDSelectiveReturn" time="91.196" classname="com.Automation.Testcases.SampleCC"/>
  <testcase name="CCLgnReReview" time="88.559" classname="com.Automation.Testcases.SampleCC"/>
  <testcase name="CCLgnReAprroval" time="86.681" classname="com.Automation.Testcases.SampleCC"/>
  <testcase name="ccOTD" time="58.527" classname="com.Automation.Testcases.SampleCC"/>
  <testcase name="ccQADSelectiveReturn" time="87.869" classname="com.Automation.Testcases.SampleCC"/>
  <testcase name="CCLgnAgnReview" time="88.394" classname="com.Automation.Testcases.SampleCC"/>
  <testcase name="CCLgnAgnAprroval" time="84.509" classname="com.Automation.Testcases.SampleCC"/>
  <testcase name="ccAgnOTD" time="69.969" classname="com.Automation.Testcases.SampleCC"/>
  <testcase name="ccQAD" time="84.657" classname="com.Automation.Testcases.SampleCC"/>
  <testcase name="docLgnReview" time="65.551" classname="com.Automation.Testcases.SampleCC"/>
  <testcase name="docLgnApproval" time="65.851" classname="com.Automation.Testcases.SampleCC"/>
  <testcase name="docTaskAllocation" time="79.584" classname="com.Automation.Testcases.SampleCC"/>
  <testcase name="docExecution" time="62.109" classname="com.Automation.Testcases.SampleCC"/>
  <testcase name="docClousure" time="49.253" classname="com.Automation.Testcases.SampleCC"/>
  <testcase name="ccClousureInitiate" time="62.690" classname="com.Automation.Testcases.SampleCC"/>
  <testcase name="ccClousureApprove" time="69.649" classname="com.Automation.Testcases.SampleCC"/>
</testsuite> <!-- com.Automation.Testcases.SampleCC -->
