<?xml version="1.0" encoding="UTF-8"?>
<!-- Generated by org.testng.reporters.JUnitReportReporter -->
<testsuite skipped="0" hostname="CAL3180" name="com.Automation.Testcases.BA_ScenarioOne" tests="1" failures="0" timestamp="2022-05-13T17:04:20 IST" time="21.298" errors="0">
  <testcase name="devLoginInitiate" time="21.298" classname="com.Automation.Testcases.BA_ScenarioOne"/>
  <system-out/>
</testsuite> <!-- com.Automation.Testcases.BA_ScenarioOne -->
