<?xml version="1.0" encoding="UTF-8"?>
<!-- Generated by org.testng.reporters.JUnitReportReporter -->
<testsuite skipped="0" hostname="SANDEEP" name="com.Automation.Testcases.Demo_TC1" tests="1" failures="0" timestamp="31 Mar 2022 11:36:53 GMT" time="82.433" errors="0">
  <testcase name="devLoginInitiate" time="82.433" classname="com.Automation.Testcases.Demo_TC1"/>
</testsuite> <!-- com.Automation.Testcases.Demo_TC1 -->
