<?xml version="1.0" encoding="UTF-8"?>
<!-- Generated by org.testng.reporters.JUnitReportReporter -->
<testsuite skipped="0" hostname="SANDEEP" name="com.Automation.Testcases.CCPositiveFlowTestCase" tests="26" failures="0" timestamp="27 Jan 2022 14:13:09 GMT" time="2244.900" errors="0">
  <testcase name="loginToEPIQ" time="186.648" classname="com.Automation.Testcases.CCPositiveFlowTestCase"/>
  <testcase name="ccIHODLgn" time="92.416" classname="com.Automation.Testcases.CCPositiveFlowTestCase"/>
  <testcase name="ccReinit" time="94.627" classname="com.Automation.Testcases.CCPositiveFlowTestCase"/>
  <testcase name="ccIHODApprovalLgn" time="176.249" classname="com.Automation.Testcases.CCPositiveFlowTestCase"/>
  <testcase name="ccQAReviewLgn" time="92.365" classname="com.Automation.Testcases.CCPositiveFlowTestCase"/>
  <testcase name="ccAgainReinit" time="86.831" classname="com.Automation.Testcases.CCPositiveFlowTestCase"/>
  <testcase name="ccAgainIHODApprovalLgn" time="93.686" classname="com.Automation.Testcases.CCPositiveFlowTestCase"/>
  <testcase name="ccQAReviewApprovalLgn" time="103.578" classname="com.Automation.Testcases.CCPositiveFlowTestCase"/>
  <testcase name="verifyDoc" time="38.998" classname="com.Automation.Testcases.CCPositiveFlowTestCase"/>
  <testcase name="ccOTD" time="62.576" classname="com.Automation.Testcases.CCPositiveFlowTestCase"/>
  <testcase name="ccQAD" time="86.106" classname="com.Automation.Testcases.CCPositiveFlowTestCase"/>
  <testcase name="VerificationClosure" time="39.324" classname="com.Automation.Testcases.CCPositiveFlowTestCase"/>
  <testcase name="docLgnReturnAtReviwer" time="75.904" classname="com.Automation.Testcases.CCPositiveFlowTestCase"/>
  <testcase name="docLgnReinitiate" time="79.435" classname="com.Automation.Testcases.CCPositiveFlowTestCase"/>
  <testcase name="docLgnReview" time="69.142" classname="com.Automation.Testcases.CCPositiveFlowTestCase"/>
  <testcase name="docLgnApproveReturn" time="75.067" classname="com.Automation.Testcases.CCPositiveFlowTestCase"/>
  <testcase name="docLgnAgainReintiate" time="73.427" classname="com.Automation.Testcases.CCPositiveFlowTestCase"/>
  <testcase name="docLgnAgainReview" time="66.523" classname="com.Automation.Testcases.CCPositiveFlowTestCase"/>
  <testcase name="docLgnApproval" time="72.366" classname="com.Automation.Testcases.CCPositiveFlowTestCase"/>
  <testcase name="docTaskAllocation" time="108.659" classname="com.Automation.Testcases.CCPositiveFlowTestCase"/>
  <testcase name="docExecution" time="70.629" classname="com.Automation.Testcases.CCPositiveFlowTestCase"/>
  <testcase name="docClousure" time="81.719" classname="com.Automation.Testcases.CCPositiveFlowTestCase"/>
  <testcase name="ccClousureInitiate" time="79.695" classname="com.Automation.Testcases.CCPositiveFlowTestCase"/>
  <testcase name="ccClousureReturn" time="76.556" classname="com.Automation.Testcases.CCPositiveFlowTestCase"/>
  <testcase name="ccClousureReInitiate" time="80.939" classname="com.Automation.Testcases.CCPositiveFlowTestCase"/>
  <testcase name="ccClousureApprove" time="81.435" classname="com.Automation.Testcases.CCPositiveFlowTestCase"/>
</testsuite> <!-- com.Automation.Testcases.CCPositiveFlowTestCase -->
