<?xml version="1.0" encoding="UTF-8"?>
<!-- Generated by org.testng.reporters.JUnitReportReporter -->
<testsuite skipped="0" hostname="SANDEEP" name="com.Automation.Testcases.CC_LoginDrop_TC" tests="2" failures="0" timestamp="31 Mar 2022 04:52:36 GMT" time="369.216" errors="0">
  <testcase name="loginToEPIQ" time="249.316" classname="com.Automation.Testcases.CC_LoginDrop_TC"/>
  <testcase name="CCHodRev" time="119.900" classname="com.Automation.Testcases.CC_LoginDrop_TC"/>
</testsuite> <!-- com.Automation.Testcases.CC_LoginDrop_TC -->
