<?xml version="1.0" encoding="UTF-8"?>
<!-- Generated by org.testng.reporters.JUnitReportReporter -->
<testsuite skipped="0" hostname="CAL3180" name="com.Automation.Testcases.Demo_TC1" tests="1" failures="0" timestamp="2022-05-10T14:39:28 IST" time="40.578" errors="0">
  <testcase name="devLoginInitiate" time="40.578" classname="com.Automation.Testcases.Demo_TC1"/>
  <system-out/>
</testsuite> <!-- com.Automation.Testcases.Demo_TC1 -->
