<?xml version="1.0" encoding="UTF-8"?>
<!-- Generated by org.testng.reporters.JUnitReportReporter -->
<testsuite skipped="7" hostname="SANDEEP" name="com.Automation.Testcases.CCDN_ForceClosure_Drop_TC" tests="9" failures="0" timestamp="31 Mar 2022 10:21:20 GMT" time="259.312" errors="0">
  <testcase name="docForceClosureInitiate" time="104.038" classname="com.Automation.Testcases.CCDN_ForceClosure_Drop_TC"/>
  <testcase name="docForceClosurerop" time="155.274" classname="com.Automation.Testcases.CCDN_ForceClosure_Drop_TC"/>
  <testcase name="ccOTD" classname="com.Automation.Testcases.CCDN_ForceClosure_Drop_TC">
    <skipped/>
  </testcase> <!-- ccOTD -->
  <testcase name="loginToEPIQ" classname="com.Automation.Testcases.CCDN_ForceClosure_Drop_TC">
    <skipped/>
  </testcase> <!-- loginToEPIQ -->
  <testcase name="CCHodRev" classname="com.Automation.Testcases.CCDN_ForceClosure_Drop_TC">
    <skipped/>
  </testcase> <!-- CCHodRev -->
  <testcase name="ccQAD" classname="com.Automation.Testcases.CCDN_ForceClosure_Drop_TC">
    <skipped/>
  </testcase> <!-- ccQAD -->
  <testcase name="ccQAReviewApprovalLgn" classname="com.Automation.Testcases.CCDN_ForceClosure_Drop_TC">
    <skipped/>
  </testcase> <!-- ccQAReviewApprovalLgn -->
  <testcase name="docLgnApproval" classname="com.Automation.Testcases.CCDN_ForceClosure_Drop_TC">
    <skipped/>
  </testcase> <!-- docLgnApproval -->
  <testcase name="docLgnReview" classname="com.Automation.Testcases.CCDN_ForceClosure_Drop_TC">
    <skipped/>
  </testcase> <!-- docLgnReview -->
</testsuite> <!-- com.Automation.Testcases.CCDN_ForceClosure_Drop_TC -->
