<?xml version="1.0" encoding="UTF-8"?>
<!-- Generated by org.testng.reporters.JUnitReportReporter -->
<testsuite skipped="0" hostname="CAL3180" name="com.Automation.Testcases.DevForceClosureTest" tests="1" failures="0" timestamp="2022-05-10T17:56:26 IST" time="40.976" errors="0">
  <testcase name="devLoginInitiate" time="40.976" classname="com.Automation.Testcases.DevForceClosureTest"/>
  <system-out/>
</testsuite> <!-- com.Automation.Testcases.DevForceClosureTest -->
