<?xml version="1.0" encoding="UTF-8"?>
<!-- Generated by org.testng.reporters.JUnitReportReporter -->
<testsuite skipped="0" hostname="CAL3180" name="com.Automation.Testcases.DemoTC" tests="1" failures="0" timestamp="2022-05-25T15:27:29 IST" time="21.421" errors="0">
  <testcase name="devLoginInitiate" time="21.421" classname="com.Automation.Testcases.DemoTC"/>
  <system-out/>
</testsuite> <!-- com.Automation.Testcases.DemoTC -->
