<?xml version="1.0" encoding="UTF-8"?>
<!-- Generated by org.testng.reporters.JUnitReportReporter -->
<testsuite skipped="0" hostname="SANDEEP" name="com.Automation.Testcases.LoginTest" tests="1" failures="0" timestamp="25 Nov 2021 05:37:05 GMT" time="367.434" errors="0">
  <testcase name="loginPage" time="367.434" classname="com.Automation.Testcases.LoginTest"/>
</testsuite> <!-- com.Automation.Testcases.LoginTest -->
