<?xml version="1.0" encoding="UTF-8"?>
<!-- Generated by org.testng.reporters.JUnitReportReporter -->
<testsuite skipped="0" hostname="SANDEEP" name="com.Automation.Testcases.CC_ForceClosure_TC" tests="5" failures="0" timestamp="04 Apr 2022 06:15:46 GMT" time="995.076" errors="0">
  <testcase name="loginToEPIQ" time="326.974" classname="com.Automation.Testcases.CC_ForceClosure_TC"/>
  <testcase name="CCHodRev" time="255.649" classname="com.Automation.Testcases.CC_ForceClosure_TC"/>
  <testcase name="ccQAReviewApprovalLgn" time="139.186" classname="com.Automation.Testcases.CC_ForceClosure_TC"/>
  <testcase name="forceClosureInitiate" time="116.850" classname="com.Automation.Testcases.CC_ForceClosure_TC"/>
  <testcase name="forceClosureApprove" time="156.417" classname="com.Automation.Testcases.CC_ForceClosure_TC"/>
</testsuite> <!-- com.Automation.Testcases.CC_ForceClosure_TC -->
