<?xml version="1.0" encoding="UTF-8"?>
<!-- Generated by org.testng.reporters.JUnitReportReporter -->
<testsuite skipped="6" hostname="CAL3180" name="com.Automation.Testcases.Dev_noAction_TC" tests="7" failures="0" timestamp="2022-06-07T10:41:34 IST" time="76.008" errors="0">
  <testcase name="dev_ClosureApprove" time="76.008" classname="com.Automation.Testcases.Dev_noAction_TC"/>
  <system-out/>
  <testcase name="dev_Closure" classname="com.Automation.Testcases.Dev_noAction_TC">
    <skipped/>
  </testcase> <!-- dev_Closure -->
  <system-out/>
  <testcase name="devLgnReview" classname="com.Automation.Testcases.Dev_noAction_TC">
    <skipped/>
  </testcase> <!-- devLgnReview -->
  <system-out/>
  <testcase name="devLoginInitiate" classname="com.Automation.Testcases.Dev_noAction_TC">
    <skipped/>
  </testcase> <!-- devLoginInitiate -->
  <system-out/>
  <testcase name="devLgnAprArrove" classname="com.Automation.Testcases.Dev_noAction_TC">
    <skipped/>
  </testcase> <!-- devLgnAprArrove -->
  <system-out/>
  <testcase name="dev_Qad" classname="com.Automation.Testcases.Dev_noAction_TC">
    <skipped/>
  </testcase> <!-- dev_Qad -->
  <system-out/>
  <testcase name="dev_Otd" classname="com.Automation.Testcases.Dev_noAction_TC">
    <skipped/>
  </testcase> <!-- dev_Otd -->
  <system-out/>
</testsuite> <!-- com.Automation.Testcases.Dev_noAction_TC -->
