<?xml version="1.0" encoding="UTF-8"?>
<!-- Generated by org.testng.reporters.JUnitReportReporter -->
<testsuite skipped="0" hostname="SANDEEP" name="com.Automation.Testcases.CC_ForceClosure_Drop_TC" tests="5" failures="0" timestamp="04 Apr 2022 06:32:49 GMT" time="899.831" errors="0">
  <testcase name="loginToEPIQ" time="277.893" classname="com.Automation.Testcases.CC_ForceClosure_Drop_TC"/>
  <testcase name="CCHodRev" time="255.715" classname="com.Automation.Testcases.CC_ForceClosure_Drop_TC"/>
  <testcase name="ccQAReviewApprovalLgn" time="134.774" classname="com.Automation.Testcases.CC_ForceClosure_Drop_TC"/>
  <testcase name="forceClosureInitiate" time="116.162" classname="com.Automation.Testcases.CC_ForceClosure_Drop_TC"/>
  <testcase name="forceClosureApprove" time="115.287" classname="com.Automation.Testcases.CC_ForceClosure_Drop_TC"/>
</testsuite> <!-- com.Automation.Testcases.CC_ForceClosure_Drop_TC -->
