<?xml version="1.0" encoding="UTF-8"?>
<!-- Generated by org.testng.reporters.JUnitReportReporter -->
<testsuite hostname="cal4013" name="com.Automation.Testcases.SSO_UserRegistrationPreRequisites" tests="1" failures="0" timestamp="3 Nov 2021 05:41:47 GMT" time="456.640" errors="0">
  <testcase name="userRegistration" time="456.640" classname="com.Automation.Testcases.SSO_UserRegistrationPreRequisites"/>
</testsuite> <!-- com.Automation.Testcases.SSO_UserRegistrationPreRequisites -->
